Build started 10/27/2015 12:06:55 PM.
     1>Project "C:\Users\castondty\Documents\Data Structures\First-Rep\Two Dimensional Arrays\Two Dimensional Arrays\Two Dimensional Arrays.vcxproj" on node 2 (Build target(s)).
     1>ClCompile:
         C:\Program Files (x86)\Microsoft Visual Studio 12.0\VC\bin\CL.exe /c /ZI /nologo /W3 /WX- /sdl /Od /Oy- /D WIN32 /D _DEBUG /D _CONSOLE /D _LIB /D _UNICODE /D UNICODE /Gm /EHsc /RTC1 /MDd /GS /fp:precise /Zc:wchar_t /Zc:forScope /Fo"Debug\\" /Fd"Debug\vc120.pdb" /Gd /TP /analyze- /errorReport:prompt Board.cpp Source.cpp
         Board.cpp
     1>c:\users\castondty\documents\data structures\first-rep\two dimensional arrays\two dimensional arrays\array_template.h(9): warning C4005: 'FOR' : macro redefinition
                 c:\users\castondty\documents\data structures\first-rep\two dimensional arrays\two dimensional arrays\array_template.h(8) : see previous definition of 'FOR'
     1>c:\users\castondty\documents\data structures\first-rep\two dimensional arrays\two dimensional arrays\array_template.h(68): warning C4003: not enough actual parameters for macro 'FOR'
     1>c:\users\castondty\documents\data structures\first-rep\two dimensional arrays\two dimensional arrays\array_template.h(70): warning C4003: not enough actual parameters for macro 'FOR'
     1>c:\users\castondty\documents\data structures\first-rep\two dimensional arrays\two dimensional arrays\array_template.h(81): warning C4003: not enough actual parameters for macro 'FOR'
     1>c:\users\castondty\documents\data structures\first-rep\two dimensional arrays\two dimensional arrays\array_template.h(102): warning C4003: not enough actual parameters for macro 'FOR'
     1>c:\users\castondty\documents\data structures\first-rep\two dimensional arrays\two dimensional arrays\array_template.h(121): warning C4003: not enough actual parameters for macro 'FOR'
     1>c:\users\castondty\documents\data structures\first-rep\two dimensional arrays\two dimensional arrays\array_template.h(123): warning C4003: not enough actual parameters for macro 'FOR'
     1>c:\users\castondty\documents\data structures\first-rep\two dimensional arrays\two dimensional arrays\array_template.h(125): warning C4003: not enough actual parameters for macro 'FOR'
     1>c:\users\castondty\documents\data structures\first-rep\two dimensional arrays\two dimensional arrays\array_template.h(126): warning C4003: not enough actual parameters for macro 'FOR'
     1>c:\users\castondty\documents\data structures\first-rep\two dimensional arrays\two dimensional arrays\array_template.h(133): warning C4003: not enough actual parameters for macro 'FOR'
     1>c:\users\castondty\documents\data structures\first-rep\two dimensional arrays\two dimensional arrays\array_template.h(135): warning C4003: not enough actual parameters for macro 'FOR'
     1>c:\users\castondty\documents\data structures\first-rep\two dimensional arrays\two dimensional arrays\array_template.h(137): warning C4003: not enough actual parameters for macro 'FOR'
     1>c:\users\castondty\documents\data structures\first-rep\two dimensional arrays\two dimensional arrays\array_template.h(138): warning C4003: not enough actual parameters for macro 'FOR'
     1>c:\users\castondty\documents\data structures\first-rep\two dimensional arrays\two dimensional arrays\array_template.h(145): warning C4003: not enough actual parameters for macro 'FOR'
     1>c:\users\castondty\documents\data structures\first-rep\two dimensional arrays\two dimensional arrays\array_template.h(147): warning C4003: not enough actual parameters for macro 'FOR'
     1>c:\users\castondty\documents\data structures\first-rep\two dimensional arrays\two dimensional arrays\array_template.h(149): warning C4003: not enough actual parameters for macro 'FOR'
     1>c:\users\castondty\documents\data structures\first-rep\two dimensional arrays\two dimensional arrays\array_template.h(150): warning C4003: not enough actual parameters for macro 'FOR'
     1>c:\users\castondty\documents\data structures\first-rep\two dimensional arrays\two dimensional arrays\array_template.h(151): warning C4003: not enough actual parameters for macro 'FOR'
     1>c:\users\castondty\documents\data structures\first-rep\two dimensional arrays\two dimensional arrays\array_template.h(152): warning C4003: not enough actual parameters for macro 'FOR'
         Generating Code...
         Compiling...
         Source.cpp
     1>c:\users\castondty\documents\data structures\first-rep\two dimensional arrays\two dimensional arrays\array_template.h(9): warning C4005: 'FOR' : macro redefinition
                 c:\users\castondty\documents\data structures\first-rep\two dimensional arrays\two dimensional arrays\array_template.h(8) : see previous definition of 'FOR'
     1>c:\users\castondty\documents\data structures\first-rep\two dimensional arrays\two dimensional arrays\array_template.h(68): warning C4003: not enough actual parameters for macro 'FOR'
     1>c:\users\castondty\documents\data structures\first-rep\two dimensional arrays\two dimensional arrays\array_template.h(70): warning C4003: not enough actual parameters for macro 'FOR'
     1>c:\users\castondty\documents\data structures\first-rep\two dimensional arrays\two dimensional arrays\array_template.h(81): warning C4003: not enough actual parameters for macro 'FOR'
     1>c:\users\castondty\documents\data structures\first-rep\two dimensional arrays\two dimensional arrays\array_template.h(102): warning C4003: not enough actual parameters for macro 'FOR'
     1>c:\users\castondty\documents\data structures\first-rep\two dimensional arrays\two dimensional arrays\array_template.h(121): warning C4003: not enough actual parameters for macro 'FOR'
     1>c:\users\castondty\documents\data structures\first-rep\two dimensional arrays\two dimensional arrays\array_template.h(123): warning C4003: not enough actual parameters for macro 'FOR'
     1>c:\users\castondty\documents\data structures\first-rep\two dimensional arrays\two dimensional arrays\array_template.h(125): warning C4003: not enough actual parameters for macro 'FOR'
     1>c:\users\castondty\documents\data structures\first-rep\two dimensional arrays\two dimensional arrays\array_template.h(126): warning C4003: not enough actual parameters for macro 'FOR'
     1>c:\users\castondty\documents\data structures\first-rep\two dimensional arrays\two dimensional arrays\array_template.h(133): warning C4003: not enough actual parameters for macro 'FOR'
     1>c:\users\castondty\documents\data structures\first-rep\two dimensional arrays\two dimensional arrays\array_template.h(135): warning C4003: not enough actual parameters for macro 'FOR'
     1>c:\users\castondty\documents\data structures\first-rep\two dimensional arrays\two dimensional arrays\array_template.h(137): warning C4003: not enough actual parameters for macro 'FOR'
     1>c:\users\castondty\documents\data structures\first-rep\two dimensional arrays\two dimensional arrays\array_template.h(138): warning C4003: not enough actual parameters for macro 'FOR'
     1>c:\users\castondty\documents\data structures\first-rep\two dimensional arrays\two dimensional arrays\array_template.h(145): warning C4003: not enough actual parameters for macro 'FOR'
     1>c:\users\castondty\documents\data structures\first-rep\two dimensional arrays\two dimensional arrays\array_template.h(147): warning C4003: not enough actual parameters for macro 'FOR'
     1>c:\users\castondty\documents\data structures\first-rep\two dimensional arrays\two dimensional arrays\array_template.h(149): warning C4003: not enough actual parameters for macro 'FOR'
     1>c:\users\castondty\documents\data structures\first-rep\two dimensional arrays\two dimensional arrays\array_template.h(150): warning C4003: not enough actual parameters for macro 'FOR'
     1>c:\users\castondty\documents\data structures\first-rep\two dimensional arrays\two dimensional arrays\array_template.h(151): warning C4003: not enough actual parameters for macro 'FOR'
     1>c:\users\castondty\documents\data structures\first-rep\two dimensional arrays\two dimensional arrays\array_template.h(152): warning C4003: not enough actual parameters for macro 'FOR'
     1>c:\users\castondty\documents\data structures\first-rep\two dimensional arrays\two dimensional arrays\source.cpp(25): warning C4101: 'insert_break_point' : unreferenced local variable
     1>c:\users\castondty\documents\data structures\first-rep\two dimensional arrays\two dimensional arrays\source.cpp(34): warning C4101: 'i' : unreferenced local variable
     1>c:\users\castondty\documents\data structures\first-rep\two dimensional arrays\two dimensional arrays\source.cpp(34): warning C4101: 'j' : unreferenced local variable
         Generating Code...
       Link:
         C:\Program Files (x86)\Microsoft Visual Studio 12.0\VC\bin\link.exe /ERRORREPORT:PROMPT /OUT:"C:\Users\castondty\Documents\Data Structures\First-Rep\Two Dimensional Arrays\Debug\Two Dimensional Arrays.exe" /INCREMENTAL /NOLOGO kernel32.lib user32.lib gdi32.lib winspool.lib comdlg32.lib advapi32.lib shell32.lib ole32.lib oleaut32.lib uuid.lib odbc32.lib odbccp32.lib /MANIFEST /MANIFESTUAC:"level='asInvoker' uiAccess='false'" /manifest:embed /DEBUG /PDB:"C:\Users\castondty\Documents\Data Structures\First-Rep\Two Dimensional Arrays\Debug\Two Dimensional Arrays.pdb" /SUBSYSTEM:CONSOLE /TLBID:1 /DYNAMICBASE /NXCOMPAT /IMPLIB:"C:\Users\castondty\Documents\Data Structures\First-Rep\Two Dimensional Arrays\Debug\Two Dimensional Arrays.lib" /MACHINE:X86 Debug\Board.obj
         Debug\Exceptions.obj
         Debug\Source.obj
         Two Dimensional Arrays.vcxproj -> C:\Users\castondty\Documents\Data Structures\First-Rep\Two Dimensional Arrays\Debug\Two Dimensional Arrays.exe
     1>Done Building Project "C:\Users\castondty\Documents\Data Structures\First-Rep\Two Dimensional Arrays\Two Dimensional Arrays\Two Dimensional Arrays.vcxproj" (Build target(s)).

Build succeeded.

Time Elapsed 00:00:01.85
